<?xml version="1.0" encoding="utf-8"?><testsuites name="pytest tests"><testsuite name="pytest" errors="0" failures="1" skipped="0" tests="23" time="24.425" timestamp="2026-01-31T23:30:08.856121+00:00" hostname="agent-env-a06d5206-c4b8-4408-8097-a462e673adca"><testcase classname="backend.tests.test_ai_features.TestAIBioGeneration" name="test_generate_bio_confident_style" time="1.755" /><testcase classname="backend.tests.test_ai_features.TestAIBioGeneration" name="test_generate_bio_playful_style" time="1.397" /><testcase classname="backend.tests.test_ai_features.TestAIBioGeneration" name="test_generate_bio_mysterious_style" time="1.240" /><testcase classname="backend.tests.test_ai_features.TestAIBioGeneration" name="test_generate_bio_romantic_style" time="1.327" /><testcase classname="backend.tests.test_ai_features.TestAIBioGeneration" name="test_generate_bio_invalid_style" time="0.141" /><testcase classname="backend.tests.test_ai_features.TestAIBioGeneration" name="test_generate_bio_unauthenticated" time="0.039" /><testcase classname="backend.tests.test_ai_features.TestAISaveGeneratedBio" name="test_save_generated_bio" time="0.124" /><testcase classname="backend.tests.test_ai_features.TestAISaveGeneratedBio" name="test_save_empty_bio_rejected" time="0.081" /><testcase classname="backend.tests.test_ai_features.TestAIIceBreakers" name="test_get_ice_breakers_for_match" time="3.320" /><testcase classname="backend.tests.test_ai_features.TestAIIceBreakers" name="test_ice_breakers_for_non_match_rejected" time="0.322" /><testcase classname="backend.tests.test_ai_features.TestAIIceBreakers" name="test_ice_breakers_user_not_found" time="0.269" /><testcase classname="backend.tests.test_ai_features.TestAICompatibilityScore" name="test_get_compatibility_score" time="2.528" /><testcase classname="backend.tests.test_ai_features.TestAICompatibilityScore" name="test_compatibility_with_self_rejected" time="0.211" /><testcase classname="backend.tests.test_ai_features.TestAICompatibilityScore" name="test_compatibility_user_not_found" time="0.188" /><testcase classname="backend.tests.test_ai_features.TestAIBatchCompatibility" name="test_batch_compatibility" time="7.673" /><testcase classname="backend.tests.test_ai_features.TestAIBatchCompatibility" name="test_batch_compatibility_empty" time="0.411" /><testcase classname="backend.tests.test_ai_features.TestAIBatchCompatibility" name="test_batch_compatibility_excludes_self" time="2.672" /><testcase classname="backend.tests.test_ai_features.TestExistingEndpointsStillWork" name="test_api_root" time="0.040" /><testcase classname="backend.tests.test_ai_features.TestExistingEndpointsStillWork" name="test_auth_me" time="0.115" /><testcase classname="backend.tests.test_ai_features.TestExistingEndpointsStillWork" name="test_profile_get" time="0.119" /><testcase classname="backend.tests.test_ai_features.TestExistingEndpointsStillWork" name="test_discover" time="0.118"><failure message="AssertionError: assert 'profiles' in {'count': 20, 'hot_travelers_count': 0, 'users': [{'age': 32, 'bio': 'Pilot looking for adventure between flights!', 'boost_active': True, 'boost_expires': '2026-01-31T18:28:06.912139+00:00', ...}, {'age': 25, 'bio': 'Test bio', 'boost_active': False, 'boost_expires': None, ...}, {'age': 25, 'bio': 'Test bio', 'boost_active': False, 'boost_expires': None, ...}, {'age': 30, 'bio': 'Looking for connections', 'boost_active': False, 'boost_expires': None, ...}, {'age': 27, 'bio': 'User 2 bio', 'boost_active': False, 'boost_expires': None, ...}, {'age': 26, 'bio': 'User 1 bio', 'boost_active': False, 'boost_expires': None, ...}, ...]}">backend/tests/test_ai_features.py:600: in test_discover
    assert "profiles" in data
E   AssertionError: assert 'profiles' in {'count': 20, 'hot_travelers_count': 0, 'users': [{'age': 32, 'bio': 'Pilot looking for adventure between flights!', 'boost_active': True, 'boost_expires': '2026-01-31T18:28:06.912139+00:00', ...}, {'age': 25, 'bio': 'Test bio', 'boost_active': False, 'boost_expires': None, ...}, {'age': 25, 'bio': 'Test bio', 'boost_active': False, 'boost_expires': None, ...}, {'age': 30, 'bio': 'Looking for connections', 'boost_active': False, 'boost_expires': None, ...}, {'age': 27, 'bio': 'User 2 bio', 'boost_active': False, 'boost_expires': None, ...}, {'age': 26, 'bio': 'User 1 bio', 'boost_active': False, 'boost_expires': None, ...}, ...]}</failure></testcase><testcase classname="backend.tests.test_ai_features.TestExistingEndpointsStillWork" name="test_schedules" time="0.111" /><testcase classname="backend.tests.test_ai_features.TestExistingEndpointsStillWork" name="test_notifications" time="0.113" /></testsuite></testsuites>