<?xml version="1.0" encoding="utf-8"?><testsuites name="pytest tests"><testsuite name="pytest" errors="0" failures="0" skipped="0" tests="45" time="4.641" timestamp="2026-01-31T22:49:29.605012+00:00" hostname="agent-env-a06d5206-c4b8-4408-8097-a462e673adca"><testcase classname="backend.tests.test_hot_travelers.TestHotTravelersFeature" name="test_discover_returns_hot_travelers_count" time="0.103" /><testcase classname="backend.tests.test_hot_travelers.TestHotTravelersFeature" name="test_hot_traveler_has_is_hot_traveler_flag" time="0.084" /><testcase classname="backend.tests.test_hot_travelers.TestHotTravelersFeature" name="test_hot_travelers_only_filter" time="0.084" /><testcase classname="backend.tests.test_hot_travelers.TestHotTravelersFeature" name="test_hot_travelers_count_matches_actual" time="0.082" /><testcase classname="backend.tests.test_hot_travelers.TestHotTravelersFeature" name="test_hot_traveler_has_trip_details" time="0.079" /><testcase classname="backend.tests.test_hot_travelers.TestHotTravelersFeature" name="test_hot_travelers_sorted_first" time="0.083" /><testcase classname="backend.tests.test_hot_travelers.TestHotTravelersFeature" name="test_nearby_endpoint_includes_hot_travelers" time="0.071" /><testcase classname="backend.tests.test_hot_travelers.TestHotTravelerScheduleLogic" name="test_user_becomes_hot_traveler_with_active_schedule" time="0.118" /><testcase classname="backend.tests.test_hot_travelers.TestHotTravelerScheduleLogic" name="test_future_schedule_does_not_make_hot_traveler" time="0.112" /><testcase classname="backend.tests.test_hot_travelers.TestHotTravelersWithFilters" name="test_hot_travelers_with_profession_filter" time="0.114" /><testcase classname="backend.tests.test_journeyman_api.TestHealthAndRoot" name="test_api_root" time="0.037" /><testcase classname="backend.tests.test_journeyman_api.TestAuthEndpoints" name="test_register_new_user" time="0.038" /><testcase classname="backend.tests.test_journeyman_api.TestAuthEndpoints" name="test_register_duplicate_email" time="0.075" /><testcase classname="backend.tests.test_journeyman_api.TestAuthEndpoints" name="test_login_valid_credentials" time="0.068" /><testcase classname="backend.tests.test_journeyman_api.TestAuthEndpoints" name="test_login_invalid_credentials" time="0.037" /><testcase classname="backend.tests.test_journeyman_api.TestAuthEndpoints" name="test_auth_me_with_token" time="0.078" /><testcase classname="backend.tests.test_journeyman_api.TestAuthEndpoints" name="test_auth_me_without_token" time="0.035" /><testcase classname="backend.tests.test_journeyman_api.TestAuthEndpoints" name="test_logout" time="0.074" /><testcase classname="backend.tests.test_journeyman_api.TestProfileEndpoints" name="test_get_profile" time="0.112" /><testcase classname="backend.tests.test_journeyman_api.TestProfileEndpoints" name="test_update_profile" time="0.118" /><testcase classname="backend.tests.test_journeyman_api.TestProfileEndpoints" name="test_complete_onboarding" time="0.076" /><testcase classname="backend.tests.test_journeyman_api.TestProfileEndpoints" name="test_upload_photo" time="0.118" /><testcase classname="backend.tests.test_journeyman_api.TestDiscoveryEndpoints" name="test_discover_users" time="0.125" /><testcase classname="backend.tests.test_journeyman_api.TestDiscoveryEndpoints" name="test_discover_with_filters" time="0.120" /><testcase classname="backend.tests.test_journeyman_api.TestDiscoveryEndpoints" name="test_get_matches" time="0.154" /><testcase classname="backend.tests.test_journeyman_api.TestDiscoveryEndpoints" name="test_get_likes_received" time="0.120" /><testcase classname="backend.tests.test_journeyman_api.TestScheduleEndpoints" name="test_create_schedule" time="0.074" /><testcase classname="backend.tests.test_journeyman_api.TestScheduleEndpoints" name="test_get_schedules" time="0.078" /><testcase classname="backend.tests.test_journeyman_api.TestScheduleEndpoints" name="test_delete_schedule" time="0.114" /><testcase classname="backend.tests.test_journeyman_api.TestNotificationEndpoints" name="test_get_notifications" time="0.080" /><testcase classname="backend.tests.test_journeyman_api.TestNotificationEndpoints" name="test_get_unread_count" time="0.079" /><testcase classname="backend.tests.test_journeyman_api.TestIcebreakerEndpoints" name="test_get_icebreaker_prompts" time="0.074" /><testcase classname="backend.tests.test_journeyman_api.TestBoostEndpoint" name="test_activate_boost" time="0.079" /><testcase classname="backend.tests.test_new_features.TestGifEndpoints" name="test_gif_search" time="0.133" /><testcase classname="backend.tests.test_new_features.TestGifEndpoints" name="test_gif_trending" time="0.105" /><testcase classname="backend.tests.test_new_features.TestGifEndpoints" name="test_gif_search_empty_query" time="0.039" /><testcase classname="backend.tests.test_new_features.TestSocialLinksEndpoints" name="test_update_social_links" time="0.081" /><testcase classname="backend.tests.test_new_features.TestSocialLinksEndpoints" name="test_get_social_links" time="0.114" /><testcase classname="backend.tests.test_new_features.TestSettingsEndpoints" name="test_get_notification_settings" time="0.115" /><testcase classname="backend.tests.test_new_features.TestSettingsEndpoints" name="test_update_notification_settings" time="0.116" /><testcase classname="backend.tests.test_new_features.TestMessageReactions" name="test_send_message_and_react" time="0.349" /><testcase classname="backend.tests.test_new_features.TestMessageReactions" name="test_invalid_reaction_emoji" time="0.383" /><testcase classname="backend.tests.test_new_features.TestMediaUpload" name="test_media_upload_without_file" time="0.073" /><testcase classname="backend.tests.test_new_features.TestNotifications" name="test_get_notifications" time="0.075" /><testcase classname="backend.tests.test_new_features.TestNotifications" name="test_mark_all_notifications_read" time="0.075" /></testsuite></testsuites>