<?xml version="1.0" encoding="utf-8"?><testsuites name="pytest tests"><testsuite name="pytest" errors="0" failures="2" skipped="0" tests="68" time="106.813" timestamp="2026-01-31T23:30:46.951401+00:00" hostname="agent-env-a06d5206-c4b8-4408-8097-a462e673adca"><testcase classname="backend.tests.test_ai_features.TestAIBioGeneration" name="test_generate_bio_confident_style" time="12.631" /><testcase classname="backend.tests.test_ai_features.TestAIBioGeneration" name="test_generate_bio_playful_style" time="20.991" /><testcase classname="backend.tests.test_ai_features.TestAIBioGeneration" name="test_generate_bio_mysterious_style" time="1.390" /><testcase classname="backend.tests.test_ai_features.TestAIBioGeneration" name="test_generate_bio_romantic_style" time="1.239" /><testcase classname="backend.tests.test_ai_features.TestAIBioGeneration" name="test_generate_bio_invalid_style" time="0.114" /><testcase classname="backend.tests.test_ai_features.TestAIBioGeneration" name="test_generate_bio_unauthenticated" time="0.041" /><testcase classname="backend.tests.test_ai_features.TestAISaveGeneratedBio" name="test_save_generated_bio" time="0.117" /><testcase classname="backend.tests.test_ai_features.TestAISaveGeneratedBio" name="test_save_empty_bio_rejected" time="0.081" /><testcase classname="backend.tests.test_ai_features.TestAIIceBreakers" name="test_get_ice_breakers_for_match" time="3.999" /><testcase classname="backend.tests.test_ai_features.TestAIIceBreakers" name="test_ice_breakers_for_non_match_rejected" time="0.339" /><testcase classname="backend.tests.test_ai_features.TestAIIceBreakers" name="test_ice_breakers_user_not_found" time="11.499" /><testcase classname="backend.tests.test_ai_features.TestAICompatibilityScore" name="test_get_compatibility_score" time="2.749" /><testcase classname="backend.tests.test_ai_features.TestAICompatibilityScore" name="test_compatibility_with_self_rejected" time="0.186" /><testcase classname="backend.tests.test_ai_features.TestAICompatibilityScore" name="test_compatibility_user_not_found" time="0.210" /><testcase classname="backend.tests.test_ai_features.TestAIBatchCompatibility" name="test_batch_compatibility" time="6.963" /><testcase classname="backend.tests.test_ai_features.TestAIBatchCompatibility" name="test_batch_compatibility_empty" time="0.498" /><testcase classname="backend.tests.test_ai_features.TestAIBatchCompatibility" name="test_batch_compatibility_excludes_self" time="2.711" /><testcase classname="backend.tests.test_ai_features.TestExistingEndpointsStillWork" name="test_api_root" time="0.034" /><testcase classname="backend.tests.test_ai_features.TestExistingEndpointsStillWork" name="test_auth_me" time="0.115" /><testcase classname="backend.tests.test_ai_features.TestExistingEndpointsStillWork" name="test_profile_get" time="0.158" /><testcase classname="backend.tests.test_ai_features.TestExistingEndpointsStillWork" name="test_discover" time="0.127" /><testcase classname="backend.tests.test_ai_features.TestExistingEndpointsStillWork" name="test_schedules" time="0.119" /><testcase classname="backend.tests.test_ai_features.TestExistingEndpointsStillWork" name="test_notifications" time="0.111" /><testcase classname="backend.tests.test_hot_travelers.TestHotTravelersFeature" name="test_discover_returns_hot_travelers_count" time="0.076" /><testcase classname="backend.tests.test_hot_travelers.TestHotTravelersFeature" name="test_hot_traveler_has_is_hot_traveler_flag" time="0.075"><failure message="AssertionError: Expected at least one hot traveler in results&#10;assert 0 &gt; 0&#10; +  where 0 = len([])">backend/tests/test_hot_travelers.py:65: in test_hot_traveler_has_is_hot_traveler_flag
    assert len(hot_travelers) &gt; 0, "Expected at least one hot traveler in results"
E   AssertionError: Expected at least one hot traveler in results
E   assert 0 &gt; 0
E    +  where 0 = len([])</failure></testcase><testcase classname="backend.tests.test_hot_travelers.TestHotTravelersFeature" name="test_hot_travelers_only_filter" time="0.116" /><testcase classname="backend.tests.test_hot_travelers.TestHotTravelersFeature" name="test_hot_travelers_count_matches_actual" time="0.081" /><testcase classname="backend.tests.test_hot_travelers.TestHotTravelersFeature" name="test_hot_traveler_has_trip_details" time="0.078"><failure message="AssertionError: Expected at least one hot traveler&#10;assert 0 &gt; 0&#10; +  where 0 = len([])">backend/tests/test_hot_travelers.py:114: in test_hot_traveler_has_trip_details
    assert len(hot_travelers) &gt; 0, "Expected at least one hot traveler"
E   AssertionError: Expected at least one hot traveler
E   assert 0 &gt; 0
E    +  where 0 = len([])</failure></testcase><testcase classname="backend.tests.test_hot_travelers.TestHotTravelersFeature" name="test_hot_travelers_sorted_first" time="0.078" /><testcase classname="backend.tests.test_hot_travelers.TestHotTravelersFeature" name="test_nearby_endpoint_includes_hot_travelers" time="0.074" /><testcase classname="backend.tests.test_hot_travelers.TestHotTravelerScheduleLogic" name="test_user_becomes_hot_traveler_with_active_schedule" time="0.133" /><testcase classname="backend.tests.test_hot_travelers.TestHotTravelerScheduleLogic" name="test_future_schedule_does_not_make_hot_traveler" time="0.118" /><testcase classname="backend.tests.test_hot_travelers.TestHotTravelersWithFilters" name="test_hot_travelers_with_profession_filter" time="0.073" /><testcase classname="backend.tests.test_journeyman_api.TestHealthAndRoot" name="test_api_root" time="0.033" /><testcase classname="backend.tests.test_journeyman_api.TestAuthEndpoints" name="test_register_new_user" time="0.039" /><testcase classname="backend.tests.test_journeyman_api.TestAuthEndpoints" name="test_register_duplicate_email" time="0.077" /><testcase classname="backend.tests.test_journeyman_api.TestAuthEndpoints" name="test_login_valid_credentials" time="0.102" /><testcase classname="backend.tests.test_journeyman_api.TestAuthEndpoints" name="test_login_invalid_credentials" time="0.040" /><testcase classname="backend.tests.test_journeyman_api.TestAuthEndpoints" name="test_auth_me_with_token" time="0.068" /><testcase classname="backend.tests.test_journeyman_api.TestAuthEndpoints" name="test_auth_me_without_token" time="0.035" /><testcase classname="backend.tests.test_journeyman_api.TestAuthEndpoints" name="test_logout" time="0.071" /><testcase classname="backend.tests.test_journeyman_api.TestProfileEndpoints" name="test_get_profile" time="0.083" /><testcase classname="backend.tests.test_journeyman_api.TestProfileEndpoints" name="test_update_profile" time="0.080" /><testcase classname="backend.tests.test_journeyman_api.TestProfileEndpoints" name="test_complete_onboarding" time="0.077" /><testcase classname="backend.tests.test_journeyman_api.TestProfileEndpoints" name="test_upload_photo" time="0.076" /><testcase classname="backend.tests.test_journeyman_api.TestDiscoveryEndpoints" name="test_discover_users" time="0.116" /><testcase classname="backend.tests.test_journeyman_api.TestDiscoveryEndpoints" name="test_discover_with_filters" time="0.116" /><testcase classname="backend.tests.test_journeyman_api.TestDiscoveryEndpoints" name="test_get_matches" time="0.107" /><testcase classname="backend.tests.test_journeyman_api.TestDiscoveryEndpoints" name="test_get_likes_received" time="0.114" /><testcase classname="backend.tests.test_journeyman_api.TestScheduleEndpoints" name="test_create_schedule" time="35.913" /><testcase classname="backend.tests.test_journeyman_api.TestScheduleEndpoints" name="test_get_schedules" time="0.119" /><testcase classname="backend.tests.test_journeyman_api.TestScheduleEndpoints" name="test_delete_schedule" time="0.158" /><testcase classname="backend.tests.test_journeyman_api.TestNotificationEndpoints" name="test_get_notifications" time="0.080" /><testcase classname="backend.tests.test_journeyman_api.TestNotificationEndpoints" name="test_get_unread_count" time="0.076" /><testcase classname="backend.tests.test_journeyman_api.TestIcebreakerEndpoints" name="test_get_icebreaker_prompts" time="0.040" /><testcase classname="backend.tests.test_journeyman_api.TestBoostEndpoint" name="test_activate_boost" time="0.077" /><testcase classname="backend.tests.test_new_features.TestGifEndpoints" name="test_gif_search" time="0.126" /><testcase classname="backend.tests.test_new_features.TestGifEndpoints" name="test_gif_trending" time="0.161" /><testcase classname="backend.tests.test_new_features.TestGifEndpoints" name="test_gif_search_empty_query" time="0.037" /><testcase classname="backend.tests.test_new_features.TestSocialLinksEndpoints" name="test_update_social_links" time="0.077" /><testcase classname="backend.tests.test_new_features.TestSocialLinksEndpoints" name="test_get_social_links" time="0.112" /><testcase classname="backend.tests.test_new_features.TestSettingsEndpoints" name="test_get_notification_settings" time="0.076" /><testcase classname="backend.tests.test_new_features.TestSettingsEndpoints" name="test_update_notification_settings" time="0.070" /><testcase classname="backend.tests.test_new_features.TestMessageReactions" name="test_send_message_and_react" time="0.408" /><testcase classname="backend.tests.test_new_features.TestMessageReactions" name="test_invalid_reaction_emoji" time="0.312" /><testcase classname="backend.tests.test_new_features.TestMediaUpload" name="test_media_upload_without_file" time="0.109" /><testcase classname="backend.tests.test_new_features.TestNotifications" name="test_get_notifications" time="0.076" /><testcase classname="backend.tests.test_new_features.TestNotifications" name="test_mark_all_notifications_read" time="0.074" /></testsuite></testsuites>